This is METAFONT, Version 2.7182818 (TeX Live 2017/Debian) (preloaded base=mf 2020.1.24)  29 APR 2020 20:31
**"Figure 2020-04-29 194617.png" examples/scatter_example.png
(Figure 2020-04-29 194617.png
! Text line contains an invalid character.
l.1 ‰
     PNG
? 
! Interruption.
<to be read again> 
                   PNG
l.1 ‰PNG
        
? 
! Text line contains an invalid character.
l.2 ^^Z
       
? q
OK, entering batchmode...
! Text line contains an invalid character.
l.3 ^^@
       ^^@^^@
A funny symbol that I can't read has just been input.
Continue, and I'll forget that it ever happened.

! Text line contains an invalid character.
l.3 ^^@^^@
          ^^@
A funny symbol that I can't read has just been input.
Continue, and I'll forget that it ever happened.

! Text line contains an invalid character.
l.3 ^^@^^@^^@
             
A funny symbol that I can't read has just been input.
Continue, and I'll forget that it ever happened.

! Text line contains an invalid character.
l.4 IHDR^^@
           ^^@^^N^^D^^@^^@^^E³^^H^^F^^@^^@^^@®p¹^^R^^@^^@^^@^^DsBIT^^H^^H^^H...
A funny symbol that I can't read has just been input.
Continue, and I'll forget that it ever happened.

! Text line contains an invalid character.
l.4 IHDR^^@^^@
              ^^N^^D^^@^^@^^E³^^H^^F^^@^^@^^@®p¹^^R^^@^^@^^@^^DsBIT^^H^^H^^H...
A funny symbol that I can't read has just been input.
Continue, and I'll forget that it ever happened.

! Text line contains an invalid character.
l.4 IHDR^^@^^@^^N
                 ^^D^^@^^@^^E³^^H^^F^^@^^@^^@®p¹^^R^^@^^@^^@^^DsBIT^^H^^H^^H...
A funny symbol that I can't read has just been input.
Continue, and I'll forget that it ever happened.

! Text line contains an invalid character.
l.4 IHDR^^@^^@^^N^^D
                    ^^@^^@^^E³^^H^^F^^@^^@^^@®p¹^^R^^@^^@^^@^^DsBIT^^H^^H^^H...
A funny symbol that I can't read has just been input.
Continue, and I'll forget that it ever happened.

! Text line contains an invalid character.
l.4 IHDR^^@^^@^^N^^D^^@
                       ^^@^^E³^^H^^F^^@^^@^^@®p¹^^R^^@^^@^^@^^DsBIT^^H^^H^^H...
A funny symbol that I can't read has just been input.
Continue, and I'll forget that it ever happened.

! Text line contains an invalid character.
l.4 IHDR^^@^^@^^N^^D^^@^^@
                          ^^E³^^H^^F^^@^^@^^@®p¹^^R^^@^^@^^@^^DsBIT^^H^^H^^H...
A funny symbol that I can't read has just been input.
Continue, and I'll forget that it ever happened.

! Text line contains an invalid character.
l.4 IHDR^^@^^@^^N^^D^^@^^@^^E
                             ³^^H^^F^^@^^@^^@®p¹^^R^^@^^@^^@^^DsBIT^^H^^H^^H...
A funny symbol that I can't read has just been input.
Continue, and I'll forget that it ever happened.

! Text line contains an invalid character.
l.4 IHDR^^@^^@^^N^^D^^@^^@^^E³
                              ^^H^^F^^@^^@^^@®p¹^^R^^@^^@^^@^^DsBIT^^H^^H^^H...
A funny symbol that I can't read has just been input.
Continue, and I'll forget that it ever happened.

! Text line contains an invalid character.
l.4 IHDR^^@^^@^^N^^D^^@^^@^^E³^^H
                                 ^^F^^@^^@^^@®p¹^^R^^@^^@^^@^^DsBIT^^H^^H^^H...
A funny symbol that I can't read has just been input.
Continue, and I'll forget that it ever happened.

! Text line contains an invalid character.
l.4 IHDR^^@^^@^^N^^D^^@^^@^^E³^^H^^F
                                    ^^@^^@^^@®p¹^^R^^@^^@^^@^^DsBIT^^H^^H^^H...
A funny symbol that I can't read has just been input.
Continue, and I'll forget that it ever happened.

! Text line contains an invalid character.
l.4 IHDR^^@^^@^^N^^D^^@^^@^^E³^^H^^F^^@
                                       ^^@^^@®p¹^^R^^@^^@^^@^^DsBIT^^H^^H^^H...
A funny symbol that I can't read has just been input.
Continue, and I'll forget that it ever happened.

! Text line contains an invalid character.
l.4 IHDR^^@^^@^^N^^D^^@^^@^^E³^^H^^F^^@^^@
                                          ^^@®p¹^^R^^@^^@^^@^^DsBIT^^H^^H^^H...
A funny symbol that I can't read has just been input.
Continue, and I'll forget that it ever happened.

! Text line contains an invalid character.
l.4 IHDR^^@^^@^^N^^D^^@^^@^^E³^^H^^F^^@^^@^^@
                                             ®p¹^^R^^@^^@^^@^^DsBIT^^H^^H^^H...
A funny symbol that I can't read has just been input.
Continue, and I'll forget that it ever happened.

! Text line contains an invalid character.
l.4 IHDR^^@^^@^^N^^D^^@^^@^^E³^^H^^F^^@^^@^^@®
                                              p¹^^R^^@^^@^^@^^DsBIT^^H^^H^^H...
A funny symbol that I can't read has just been input.
Continue, and I'll forget that it ever happened.

! Text line contains an invalid character.
l.4 IHDR^^@^^@^^N^^D^^@^^@^^E³^^H^^F^^@^^@^^@®p¹
                                                ^^R^^@^^@^^@^^DsBIT^^H^^H^^H...
A funny symbol that I can't read has just been input.
Continue, and I'll forget that it ever happened.

! Text line contains an invalid character.
l.4 ...^^@^^@^^N^^D^^@^^@^^E³^^H^^F^^@^^@^^@®p¹^^R
                                                  ^^@^^@^^@^^DsBIT^^H^^H^^H^...
A funny symbol that I can't read has just been input.
Continue, and I'll forget that it ever happened.

! Text line contains an invalid character.
l.4 ...^^@^^N^^D^^@^^@^^E³^^H^^F^^@^^@^^@®p¹^^R^^@
                                                  ^^@^^@^^DsBIT^^H^^H^^H^^H|...
A funny symbol that I can't read has just been input.
Continue, and I'll forget that it ever happened.

! Text line contains an invalid character.
l.4 ...^^N^^D^^@^^@^^E³^^H^^F^^@^^@^^@®p¹^^R^^@^^@
                                                  ^^@^^DsBIT^^H^^H^^H^^H|^^H...
A funny symbol that I can't read has just been input.
Continue, and I'll forget that it ever happened.

! Text line contains an invalid character.
l.4 ...^^D^^@^^@^^E³^^H^^F^^@^^@^^@®p¹^^R^^@^^@^^@
                                                  ^^DsBIT^^H^^H^^H^^H|^^Hdˆ^...
A funny symbol that I can't read has just been input.
Continue, and I'll forget that it ever happened.

! Text line contains an invalid character.
l.4 ...^^@^^@^^E³^^H^^F^^@^^@^^@®p¹^^R^^@^^@^^@^^D
                                                  sBIT^^H^^H^^H^^H|^^Hdˆ^^@^...
A funny symbol that I can't read has just been input.
Continue, and I'll forget that it ever happened.

! Text line contains an invalid character.
l.4 ...^E³^^H^^F^^@^^@^^@®p¹^^R^^@^^@^^@^^DsBIT^^H
                                                  ^^H^^H^^H|^^Hdˆ^^@^^@^^@	p...
A funny symbol that I can't read has just been input.
Continue, and I'll forget that it ever happened.

! Text line contains an invalid character.
l.4 ...^^H^^F^^@^^@^^@®p¹^^R^^@^^@^^@^^DsBIT^^H^^H
                                                  ^^H^^H|^^Hdˆ^^@^^@^^@	pHYs...
A funny symbol that I can't read has just been input.
Continue, and I'll forget that it ever happened.

! Text line contains an invalid character.
l.4 ...^^F^^@^^@^^@®p¹^^R^^@^^@^^@^^DsBIT^^H^^H^^H
                                                  ^^H|^^Hdˆ^^@^^@^^@	pHYs^^@...
A funny symbol that I can't read has just been input.
Continue, and I'll forget that it ever happened.

! Text line contains an invalid character.
l.4 ...^^@^^@^^@®p¹^^R^^@^^@^^@^^DsBIT^^H^^H^^H^^H
                                                  |^^Hdˆ^^@^^@^^@	pHYs^^@^^@...
A funny symbol that I can't read has just been input.
Continue, and I'll forget that it ever happened.

! Text line contains an invalid character.
l.4 ...^@^^@®p¹^^R^^@^^@^^@^^DsBIT^^H^^H^^H^^H|^^H
                                                  dˆ^^@^^@^^@	pHYs^^@^^@.#^^...
A funny symbol that I can't read has just been input.
Continue, and I'll forget that it ever happened.

! Text line contains an invalid character.
l.4 ...^^@®p¹^^R^^@^^@^^@^^DsBIT^^H^^H^^H^^H|^^Hdˆ
                                                  ^^@^^@^^@	pHYs^^@^^@.#^^@^...
A funny symbol that I can't read has just been input.
Continue, and I'll forget that it ever happened.

! Text line contains an invalid character.
l.4 ...®p¹^^R^^@^^@^^@^^DsBIT^^H^^H^^H^^H|^^Hdˆ^^@
                                                  ^^@^^@	pHYs^^@^^@.#^^@^^@....
A funny symbol that I can't read has just been input.
Continue, and I'll forget that it ever happened.

! Text line contains an invalid character.
l.4 ...^^R^^@^^@^^@^^DsBIT^^H^^H^^H^^H|^^Hdˆ^^@^^@
                                                  ^^@	pHYs^^@^^@.#^^@^^@.#^^...
A funny symbol that I can't read has just been input.
Continue, and I'll forget that it ever happened.

! Text line contains an invalid character.
l.4 ...^^@^^@^^@^^DsBIT^^H^^H^^H^^H|^^Hdˆ^^@^^@^^@
                                                  	pHYs^^@^^@.#^^@^^@.#^^Ax¥...
A funny symbol that I can't read has just been input.
Continue, and I'll forget that it ever happened.

! Text line contains an invalid character.
l.4 ...@^^DsBIT^^H^^H^^H^^H|^^Hdˆ^^@^^@^^@	pHYs^^@
                                                  ^^@.#^^@^^@.#^^Ax¥?v^^@^^@...
A funny symbol that I can't read has just been input.
Continue, and I'll forget that it ever happened.

! Text line contains an invalid character.
l.4 ...DsBIT^^H^^H^^H^^H|^^Hdˆ^^@^^@^^@	pHYs^^@^^@
                                                  .#^^@^^@.#^^Ax¥?v^^@^^@^^@...
A funny symbol that I can't read has just been input.
Continue, and I'll forget that it ever happened.

! Text line contains an invalid character.
l.4 ...^^H^^H^^H^^H|^^Hdˆ^^@^^@^^@	pHYs^^@^^@.#^^@
                                                  ^^@.#^^Ax¥?v^^@^^@^^@8tEXt...
A funny symbol that I can't read has just been input.
Continue, and I'll forget that it ever happened.

! Text line contains an invalid character.
l.4 ...^^H^^H^^H|^^Hdˆ^^@^^@^^@	pHYs^^@^^@.#^^@^^@
                                                  .#^^Ax¥?v^^@^^@^^@8tEXtSof...
A funny symbol that I can't read has just been input.
Continue, and I'll forget that it ever happened.

! Text line contains an invalid character.
l.4 ...H^^H|^^Hdˆ^^@^^@^^@	pHYs^^@^^@.#^^@^^@.#^^A
                                                  x¥?v^^@^^@^^@8tEXtSoftware...
A funny symbol that I can't read has just been input.
Continue, and I'll forget that it ever happened.

! Text line contains an invalid character.
l.4 ...^H|^^Hdˆ^^@^^@^^@	pHYs^^@^^@.#^^@^^@.#^^Ax¥
                                                  ?v^^@^^@^^@8tEXtSoftware^^...
A funny symbol that I can't read has just been input.
Continue, and I'll forget that it ever happened.

! Text line contains an invalid character.
l.4 ...Hdˆ^^@^^@^^@	pHYs^^@^^@.#^^@^^@.#^^Ax¥?v^^@
                                                  ^^@^^@8tEXtSoftware^^@matp...
A funny symbol that I can't read has just been input.
Continue, and I'll forget that it ever happened.

! Text line contains an invalid character.
l.4 ...^^@^^@^^@	pHYs^^@^^@.#^^@^^@.#^^Ax¥?v^^@^^@
                                                  ^^@8tEXtSoftware^^@matplot...
A funny symbol that I can't read has just been input.
Continue, and I'll forget that it ever happened.

! Text line contains an invalid character.
l.4 ...^^@^^@	pHYs^^@^^@.#^^@^^@.#^^Ax¥?v^^@^^@^^@
                                                  8tEXtSoftware^^@matplotlib...
A funny symbol that I can't read has just been input.
Continue, and I'll forget that it ever happened.

! Text line contains an invalid character.
l.4 ...@.#^^@^^@.#^^Ax¥?v^^@^^@^^@8tEXtSoftware^^@
                                                  matplotlib version3.1.3, h...
A funny symbol that I can't read has just been input.
Continue, and I'll forget that it ever happened.

>> PNG.IHDR.p.sBIT|d.pHYs# #x?v8tEXtSoftware.matplotlib.version3.1 0.3
! Isolated expression.
<to be read again> 
                   ,
l.4 ...^^@8tEXtSoftware^^@matplotlib version3.1.3,
                                                   http://matplotlib.org/€^^...
I couldn't find an `=' or `:=' after the
expression that is shown above this error message,
so I guess I'll just ignore it and carry on.

! Extra tokens will be flushed.
<to be read again> 
                   ,
l.4 ...^^@8tEXtSoftware^^@matplotlib version3.1.3,
                                                   http://matplotlib.org/€^^...
I've just read as much of that statement as I could fathom,
so a semicolon should have been next. It's very puzzling...
but I'll try to get myself back together, by ignoring
everything up to the next `;'. Please insert a semicolon
now in front of anything that you don't want me to delete.
(See Chapter 27 of The METAFONTbook for an example.)

! Text line contains an invalid character.
l.4 ...otlib version3.1.3, http://matplotlib.org/€
                                                  ^^@1D^^@^^@ ^^@IDATxœìİwtT...
A funny symbol that I can't read has just been input.
Continue, and I'll forget that it ever happened.

! Text line contains an invalid character.
l.4 ...ib version3.1.3, http://matplotlib.org/€^^@
                                                  1D^^@^^@ ^^@IDATxœìİwtTuşÿ...
A funny symbol that I can't read has just been input.
Continue, and I'll forget that it ever happened.

! Text line contains an invalid character.
l.4 ...rsion3.1.3, http://matplotlib.org/€^^@1D^^@
                                                  ^^@ ^^@IDATxœìİwtTuşÿñ×¤^^...
A funny symbol that I can't read has just been input.
Continue, and I'll forget that it ever happened.

! Text line contains an invalid character.
l.4 ...on3.1.3, http://matplotlib.org/€^^@1D^^@^^@
                                                   ^^@IDATxœìİwtTuşÿñ×¤^^SB^...
A funny symbol that I can't read has just been input.
Continue, and I'll forget that it ever happened.

! Text line contains an invalid character.
l.4 ...1.3, http://matplotlib.org/€^^@1D^^@^^@ ^^@
                                                  IDATxœìİwtTuşÿñ×¤^^SB^^H-(...
A funny symbol that I can't read has just been input.
Continue, and I'll forget that it ever happened.

! Text line contains an invalid character.
l.4 ...ttp://matplotlib.org/€^^@1D^^@^^@ ^^@IDATxœ
                                                  ìİwtTuşÿñ×¤^^SB^^H-(¡Ch"H“...
A funny symbol that I can't read has just been input.
Continue, and I'll forget that it ever happened.

! Text line contains an invalid character.
l.4 ...tp://matplotlib.org/€^^@1D^^@^^@ ^^@IDATxœì
                                                  İwtTuşÿñ×¤^^SB^^H-(¡Ch"H“"...
A funny symbol that I can't read has just been input.
Continue, and I'll forget that it ever happened.

! Text line contains an invalid character.
l.4 ...p://matplotlib.org/€^^@1D^^@^^@ ^^@IDATxœìİ
                                                  wtTuşÿñ×¤^^SB^^H-(¡Ch"H“"E...
A funny symbol that I can't read has just been input.
Continue, and I'll forget that it ever happened.

! Text line contains an invalid character.
l.4 ...atplotlib.org/€^^@1D^^@^^@ ^^@IDATxœìİwtTuş
                                                  ÿñ×¤^^SB^^H-(¡Ch"H“"E:,¨4^...
A funny symbol that I can't read has just been input.
Continue, and I'll forget that it ever happened.

! Text line contains an invalid character.
l.4 ...tplotlib.org/€^^@1D^^@^^@ ^^@IDATxœìİwtTuşÿ
                                                  ñ×¤^^SB^^H-(¡Ch"H“"E:,¨4^^...
A funny symbol that I can't read has just been input.
Continue, and I'll forget that it ever happened.

! Text line contains an invalid character.
l.4 ...plotlib.org/€^^@1D^^@^^@ ^^@IDATxœìİwtTuşÿñ
                                                  ×¤^^SB^^H-(¡Ch"H“"E:,¨4^^Q...
A funny symbol that I can't read has just been input.
Continue, and I'll forget that it ever happened.

! Text line contains an invalid character.
l.4 ...lotlib.org/€^^@1D^^@^^@ ^^@IDATxœìİwtTuşÿñ×
                                                  ¤^^SB^^H-(¡Ch"H“"E:,¨4^^QX...
A funny symbol that I can't read has just been input.
Continue, and I'll forget that it ever happened.

! Text line contains an invalid character.
l.4 ...otlib.org/€^^@1D^^@^^@ ^^@IDATxœìİwtTuşÿñ×¤
                                                  ^^SB^^H-(¡Ch"H“"E:,¨4^^QX^...
A funny symbol that I can't read has just been input.
Continue, and I'll forget that it ever happened.

! Text line contains an invalid character.
l.4 ...ib.org/€^^@1D^^@^^@ ^^@IDATxœìİwtTuşÿñ×¤^^S
                                                  B^^H-(¡Ch"H“"E:,¨4^^QX^^D^...
A funny symbol that I can't read has just been input.
Continue, and I'll forget that it ever happened.

! Text line contains an invalid character.
l.4 ...rg/€^^@1D^^@^^@ ^^@IDATxœìİwtTuşÿñ×¤^^SB^^H
                                                  -(¡Ch"H“"E:,¨4^^QX^^D^^DÄu...
A funny symbol that I can't read has just been input.
Continue, and I'll forget that it ever happened.

! Text line contains an invalid character.
l.4 ...€^^@1D^^@^^@ ^^@IDATxœìİwtTuşÿñ×¤^^SB^^H-(¡
                                                  Ch"H“"E:,¨4^^QX^^D^^DÄuQ^^...
A funny symbol that I can't read has just been input.
Continue, and I'll forget that it ever happened.

! Text line contains an invalid character.
l.4 ...^@ ^^@IDATxœìİwtTuşÿñ×¤^^SB^^H-(¡Ch"H“"E:,¨
                                                  4^^QX^^D^^DÄuQ^^QWá«RÜµÒl`...
A funny symbol that I can't read has just been input.
Continue, and I'll forget that it ever happened.

! Text line contains an invalid character.
l.4 ...^@IDATxœìİwtTuşÿñ×¤^^SB^^H-(¡Ch"H“"E:,¨4^^Q
                                                  X^^D^^DÄuQ^^QWá«RÜµÒl`A¥ˆ^...
A funny symbol that I can't read has just been input.
Continue, and I'll forget that it ever happened.

! Text line contains an invalid character.
l.4 ...ATxœìİwtTuşÿñ×¤^^SB^^H-(¡Ch"H“"E:,¨4^^QX^^D
                                                  ^^DÄuQ^^QWá«RÜµÒl`A¥ˆ^^TÙE...
A funny symbol that I can't read has just been input.
Continue, and I'll forget that it ever happened.

! Text line contains an invalid character.
l.4 ...œìİwtTuşÿñ×¤^^SB^^H-(¡Ch"H“"E:,¨4^^QX^^D^^D
                                                  ÄuQ^^QWá«RÜµÒl`A¥ˆ^^TÙEA^^...
A funny symbol that I can't read has just been input.
Continue, and I'll forget that it ever happened.

! Text line contains an invalid character.
l.4 ...ìİwtTuşÿñ×¤^^SB^^H-(¡Ch"H“"E:,¨4^^QX^^D^^DÄ
                                                  uQ^^QWá«RÜµÒl`A¥ˆ^^TÙEA^^D...
A funny symbol that I can't read has just been input.
Continue, and I'll forget that it ever happened.

! Text line contains an invalid character.
l.4 ...uşÿñ×¤^^SB^^H-(¡Ch"H“"E:,¨4^^QX^^D^^DÄuQ^^Q
                                                  Wá«RÜµÒl`A¥ˆ^^TÙEA^^DD”.^^...
A funny symbol that I can't read has just been input.
Continue, and I'll forget that it ever happened.

! Text line contains an invalid character.
l.4 ...ÿñ×¤^^SB^^H-(¡Ch"H“"E:,¨4^^QX^^D^^DÄuQ^^QWá
                                                  «RÜµÒl`A¥ˆ^^TÙEA^^DD”.^^R@...
A funny symbol that I can't read has just been input.
Continue, and I'll forget that it ever happened.

! Text line contains an invalid character.
l.4 ...ñ×¤^^SB^^H-(¡Ch"H“"E:,¨4^^QX^^D^^DÄuQ^^QWá«
                                                  RÜµÒl`A¥ˆ^^TÙEA^^DD”.^^R@]...
A funny symbol that I can't read has just been input.
Continue, and I'll forget that it ever happened.

! Text line contains an invalid character.
l.4 ...¤^^SB^^H-(¡Ch"H“"E:,¨4^^QX^^D^^DÄuQ^^QWá«RÜ
                                                  µÒl`A¥ˆ^^TÙEA^^DD”.^^R@]é½...
A funny symbol that I can't read has just been input.
Continue, and I'll forget that it ever happened.

! Text line contains an invalid character.
l.4 ...^^SB^^H-(¡Ch"H“"E:,¨4^^QX^^D^^DÄuQ^^QWá«RÜµ
                                                  Òl`A¥ˆ^^TÙEA^^DD”.^^R@]é½w...
A funny symbol that I can't read has just been input.
Continue, and I'll forget that it ever happened.

! Text line contains an invalid character.
l.4 ...^SB^^H-(¡Ch"H“"E:,¨4^^QX^^D^^DÄuQ^^QWá«RÜµÒ
                                                  l`A¥ˆ^^TÙEA^^DD”.^^R@]é½w^...
A funny symbol that I can't read has just been input.
Continue, and I'll forget that it ever happened.

! Text line contains an invalid character.
l.4 ...^H-(¡Ch"H“"E:,¨4^^QX^^D^^DÄuQ^^QWá«RÜµÒl`A¥
                                                  ˆ^^TÙEA^^DD”.^^R@]é½w^^B!...
A funny symbol that I can't read has just been input.
Continue, and I'll forget that it ever happened.

! Text line contains an invalid character.
l.4 ...H-(¡Ch"H“"E:,¨4^^QX^^D^^DÄuQ^^QWá«RÜµÒl`A¥ˆ
                                                  ^^TÙEA^^DD”.^^R@]é½w^^B!...
A funny symbol that I can't read has just been input.
Continue, and I'll forget that it ever happened.

! Text line contains an invalid character.
l.4 ...¡Ch"H“"E:,¨4^^QX^^D^^DÄuQ^^QWá«RÜµÒl`A¥ˆ^^T
                                                  ÙEA^^DD”.^^R@]é½w^^B!Üß...
A funny symbol that I can't read has just been input.
Continue, and I'll forget that it ever happened.

! Text line contains an invalid character.
l.4 ...Ch"H“"E:,¨4^^QX^^D^^DÄuQ^^QWá«RÜµÒl`A¥ˆ^^TÙ
                                                  EA^^DD”.^^R@]é½w^^B!Üß^...
A funny symbol that I can't read has just been input.
Continue, and I'll forget that it ever happened.

! Text line contains an invalid character.
l.4 ..."E:,¨4^^QX^^D^^DÄuQ^^QWá«RÜµÒl`A¥ˆ^^TÙEA^^D
                                                  D”.^^R@]é½w^^B!Üß^^_,÷—...
A funny symbol that I can't read has just been input.
Continue, and I'll forget that it ever happened.

! Text line contains an invalid character.
l.4 ...:,¨4^^QX^^D^^DÄuQ^^QWá«RÜµÒl`A¥ˆ^^TÙEA^^DD”
                                                  .^^R@]é½w^^B!Üß^^_,÷—;™...
A funny symbol that I can't read has just been input.
Continue, and I'll forget that it ever happened.

! Text line contains an invalid character.
l.4 ...^^QX^^D^^DÄuQ^^QWá«RÜµÒl`A¥ˆ^^TÙEA^^DD”.^^R
                                                  @]é½w^^B!Üß^^_,÷—;™$3)^...
A funny symbol that I can't read has just been input.
Continue, and I'll forget that it ever happened.

! Text line contains an invalid character.
l.4 ...X^^D^^DÄuQ^^QWá«RÜµÒl`A¥ˆ^^TÙEA^^DD”.^^R@]é
                                                  ½w^^B!Üß^^_,÷—;™$3)^^S&...
A funny symbol that I can't read has just been input.
Continue, and I'll forget that it ever happened.

! Text line contains an invalid character.
l.4 ...^^D^^DÄuQ^^QWá«RÜµÒl`A¥ˆ^^TÙEA^^DD”.^^R@]é½
                                                  w^^B!Üß^^_,÷—;™$3)^^S&<...
A funny symbol that I can't read has just been input.
Continue, and I'll forget that it ever happened.

! Text line contains an invalid character.
l.4 ...^DÄuQ^^QWá«RÜµÒl`A¥ˆ^^TÙEA^^DD”.^^R@]é½w^^B
                                                  !Üß^^_,÷—;™$3)^^S&<^^_ç...
A funny symbol that I can't read has just been input.
Continue, and I'll forget that it ever happened.

! Text line contains an invalid character.
l.4 ...ÄuQ^^QWá«RÜµÒl`A¥ˆ^^TÙEA^^DD”.^^R@]é½w^^B!
                                                  Üß^^_,÷—;™$3)^^S&<^^_çÌ9...
A funny symbol that I can't read has just been input.
Continue, and I'll forget that it ever happened.

! Text line contains an invalid character.
l.4 ...uQ^^QWá«RÜµÒl`A¥ˆ^^TÙEA^^DD”.^^R@]é½w^^B!
                                                  Üß^^_,÷—;™$3)^^S&<^^_çÌ9y...
A funny symbol that I can't read has just been input.
Continue, and I'll forget that it ever happened.

! Text line contains an invalid character.
l.4 ...Q^^QWá«RÜµÒl`A¥ˆ^^TÙEA^^DD”.^^R@]é½w^^B!
                                                  Üß^^_,÷—;™$3)^^S&<^^_çÌ9yß...
A funny symbol that I can't read has just been input.
Continue, and I'll forget that it ever happened.

! Text line contains an invalid character.
l.4 ...^^QWá«RÜµÒl`A¥ˆ^^TÙEA^^DD”.^^R@]é½w^^B!Ü
                                                  ß^^_,÷—;™$3)^^S&<^^_çÌ9yßù...
A funny symbol that I can't read has just been input.
Continue, and I'll forget that it ever happened.

! Text line contains an invalid character.
l.4 ...^QWá«RÜµÒl`A¥ˆ^^TÙEA^^DD”.^^R@]é½w^^B!Üß
                                                  ^^_,÷—;™$3)^^S&<^^_çÌ9yßù”...
A funny symbol that I can't read has just been input.
Continue, and I'll forget that it ever happened.

! Text line contains an invalid character.
l.4 ...á«RÜµÒl`A¥ˆ^^TÙEA^^DD”.^^R@]é½w^^B!Üß^^_
                                                  ,÷—;™$3)^^S&<^^_çÌ9yßù”÷”û...
A funny symbol that I can't read has just been input.
Continue, and I'll forget that it ever happened.

! Text line contains an invalid character.
l.4 ...RÜµÒl`A¥ˆ^^TÙEA^^DD”.^^R@]é½w^^B!Üß^^_,÷
                                                  —;™$3)^^S&<^^_çÌ9yßù”÷”û™Ë...
A funny symbol that I can't read has just been input.
Continue, and I'll forget that it ever happened.

! Text line contains an invalid character.
l.4 ...ÜµÒl`A¥ˆ^^TÙEA^^DD”.^^R@]é½w^^B!Üß^^_,÷—
                                                  ;™$3)^^S&<^^_çÌ9yßù”÷”û™Ë9...
A funny symbol that I can't read has just been input.
Continue, and I'll forget that it ever happened.

! Text line contains an invalid character.
l.4 ...Òl`A¥ˆ^^TÙEA^^DD”.^^R@]é½w^^B!Üß^^_,÷—;™
                                                  $3)^^S&<^^_çÌ9yßù”÷”û™Ë9÷Í...
A funny symbol that I can't read has just been input.
Continue, and I'll forget that it ever happened.

>> $3
! Isolated expression.
<to be read again> 
                   )
l.4 ...A¥ˆ^^TÙEA^^DD”.^^R@]é½w^^B!Üß^^_,÷—;™$3)
                                                  ^^S&<^^_çÌ9yßù”÷”û™Ë9÷ÍÇf^...
I couldn't find an `=' or `:=' after the
expression that is shown above this error message,
so I guess I'll just ignore it and carry on.

! Extra tokens will be flushed.
<to be read again> 
                   )
l.4 ...A¥ˆ^^TÙEA^^DD”.^^R@]é½w^^B!Üß^^_,÷—;™$3)
                                                  ^^S&<^^_çÌ9yßù”÷”û™Ë9÷ÍÇf^...
I've just read as much of that statement as I could fathom,
so a semicolon should have been next. It's very puzzling...
but I'll try to get myself back together, by ignoring
everything up to the next `;'. Please insert a semicolon
now in front of anything that you don't want me to delete.
(See Chapter 27 of The METAFONTbook for an example.)

! Text line contains an invalid character.
l.4 ...^^TÙEA^^DD”.^^R@]é½w^^B!Üß^^_,÷—;™$3)^^S
                                                  &<^^_çÌ9yßù”÷”û™Ë9÷ÍÇf^^X†...
A funny symbol that I can't read has just been input.
Continue, and I'll forget that it ever happened.

! Text line contains an invalid character.
l.4 ...A^^DD”.^^R@]é½w^^B!Üß^^_,÷—;™$3)^^S&<^^_
                                                  çÌ9yßù”÷”û™Ë9÷ÍÇf^^X†!^^@^...
A funny symbol that I can't read has just been input.
Continue, and I'll forget that it ever happened.

! Text line contains an invalid character.
l.4 ...^^DD”.^^R@]é½w^^B!Üß^^_,÷—;™$3)^^S&<^^_ç
                                                  Ì9yßù”÷”û™Ë9÷ÍÇf^^X†!^^@^^...
A funny symbol that I can't read has just been input.
Continue, and I'll forget that it ever happened.

! Text line contains an invalid character.
l.4 ...^DD”.^^R@]é½w^^B!Üß^^_,÷—;™$3)^^S&<^^_çÌ
                                                  9yßù”÷”û™Ë9÷ÍÇf^^X†!^^@^^@...
A funny symbol that I can't read has just been input.
Continue, and I'll forget that it ever happened.

! Text line contains an invalid character.
l.4 ...”.^^R@]é½w^^B!Üß^^_,÷—;™$3)^^S&<^^_çÌ9yß
                                                  ù”÷”û™Ë9÷ÍÇf^^X†!^^@^^@^^@...
A funny symbol that I can't read has just been input.
Continue, and I'll forget that it ever happened.

! Text line contains an invalid character.
l.4 ....^^R@]é½w^^B!Üß^^_,÷—;™$3)^^S&<^^_çÌ9yßù
                                                  ”÷”û™Ë9÷ÍÇf^^X†!^^@^^@^^@^...
A funny symbol that I can't read has just been input.
Continue, and I'll forget that it ever happened.

! Text line contains an invalid character.
l.4 ...^^R@]é½w^^B!Üß^^_,÷—;™$3)^^S&<^^_çÌ9yßù”
                                                  ÷”û™Ë9÷ÍÇf^^X†!^^@^^@^^@^^...
A funny symbol that I can't read has just been input.
Continue, and I'll forget that it ever happened.

! Text line contains an invalid character.
l.4 ...^R@]é½w^^B!Üß^^_,÷—;™$3)^^S&<^^_çÌ9yßù”÷
                                                  ”û™Ë9÷ÍÇf^^X†!^^@^^@^^@^^@...
A funny symbol that I can't read has just been input.
Continue, and I'll forget that it ever happened.

! Text line contains an invalid character.
l.4 ...R@]é½w^^B!Üß^^_,÷—;™$3)^^S&<^^_çÌ9yßù”÷”
                                                  û™Ë9÷ÍÇf^^X†!^^@^^@^^@^^@^...
A funny symbol that I can't read has just been input.
Continue, and I'll forget that it ever happened.

! Text line contains an invalid character.
l.4 ...@]é½w^^B!Üß^^_,÷—;™$3)^^S&<^^_çÌ9yßù”÷”û
                                                  ™Ë9÷ÍÇf^^X†!^^@^^@^^@^^@^^...
A funny symbol that I can't read has just been input.
Continue, and I'll forget that it ever happened.

! Text line contains an invalid character.
l.4 ...]é½w^^B!Üß^^_,÷—;™$3)^^S&<^^_çÌ9yßù”÷”û™
                                                  Ë9÷ÍÇf^^X†!^^@^^@^^@^^@^^@...
A funny symbol that I can't read has just been input.
Continue, and I'll forget that it ever happened.

! Text line contains an invalid character.
l.4 ...é½w^^B!Üß^^_,÷—;™$3)^^S&<^^_çÌ9yßù”÷”û™Ë
                                                  9÷ÍÇf^^X†!^^@^^@^^@^^@^^@^...
A funny symbol that I can't read has just been input.
Continue, and I'll forget that it ever happened.

! Text line contains an invalid character.
l.4 ...w^^B!Üß^^_,÷—;™$3)^^S&<^^_çÌ9yßù”÷”û™Ë9÷
                                                  ÍÇf^^X†!^^@^^@^^@^^@^^@^^@...
A funny symbol that I can't read has just been input.
Continue, and I'll forget that it ever happened.

! Text line contains an invalid character.
l.4 ...^^B!Üß^^_,÷—;™$3)^^S&<^^_çÌ9yßù”÷”û™Ë9÷Í
                                                  Çf^^X†!^^@^^@^^@^^@^^@^^@^...
A funny symbol that I can't read has just been input.
Continue, and I'll forget that it ever happened.

! Text line contains an invalid character.
l.4 ...^B!Üß^^_,÷—;™$3)^^S&<^^_çÌ9yßù”÷”û™Ë9÷ÍÇ
                                                  f^^X†!^^@^^@^^@^^@^^@^^@^^...
A funny symbol that I can't read has just been input.
Continue, and I'll forget that it ever happened.

! Text line contains an invalid character.
l.4 ...Üß^^_,÷—;™$3)^^S&<^^_çÌ9yßù”÷”û™Ë9÷ÍÇf^^X
                                                  †!^^@^^@^^@^^@^^@^^@^^@^^@...
A funny symbol that I can't read has just been input.
Continue, and I'll forget that it ever happened.

! Text line contains an invalid character.
l.4 ...Üß^^_,÷—;™$3)^^S&<^^_çÌ9yßù”÷”û™Ë9÷ÍÇf^^X†
                                                  !^^@^^@^^@^^@^^@^^@^^@^^@^...
A funny symbol that I can't read has just been input.
Continue, and I'll forget that it ever happened.

! Text line contains an invalid character.
l.4 ...^_,÷—;™$3)^^S&<^^_çÌ9yßù”÷”û™Ë9÷ÍÇf^^X†!^^@
                                                  ^^@^^@^^@^^@^^@^^@^^@^^@^^...
A funny symbol that I can't read has just been input.
Continue, and I'll forget that it ever happened.

! Text line contains an invalid character.
l.4 ...÷—;™$3)^^S&<^^_çÌ9yßù”÷”û™Ë9÷ÍÇf^^X†!^^@^^@
                                                  ^^@^^@^^@^^@^^@^^@^^@^^@^^...
A funny symbol that I can't read has just been input.
Continue, and I'll forget that it ever happened.

! Text line contains an invalid character.
l.4 ...™$3)^^S&<^^_çÌ9yßù”÷”û™Ë9÷ÍÇf^^X†!^^@^^@^^@
                                                  ^^@^^@^^@^^@^^@^^@^^@^^@^^...
A funny symbol that I can't read has just been input.
Continue, and I'll forget that it ever happened.

! Text line contains an invalid character.
l.4 ...)^^S&<^^_çÌ9yßù”÷”û™Ë9÷ÍÇf^^X†!^^@^^@^^@^^@
                                                  ^^@^^@^^@^^@^^@^^@^^@^^@^^...
A funny symbol that I can't read has just been input.
Continue, and I'll forget that it ever happened.

! Text line contains an invalid character.
l.4 ...S&<^^_çÌ9yßù”÷”û™Ë9÷ÍÇf^^X†!^^@^^@^^@^^@^^@
                                                  ^^@^^@^^@^^@^^@^^@^^@^^@^^...
A funny symbol that I can't read has just been input.
Continue, and I'll forget that it ever happened.

! Text line contains an invalid character.
l.4 ...^^_çÌ9yßù”÷”û™Ë9÷ÍÇf^^X†!^^@^^@^^@^^@^^@^^@
                                                  ^^@^^@^^@^^@^^@^^@^^@^^@^^...
A funny symbol that I can't read has just been input.
Continue, and I'll forget that it ever happened.

! Text line contains an invalid character.
l.4 ...çÌ9yßù”÷”û™Ë9÷ÍÇf^^X†!^^@^^@^^@^^@^^@^^@^^@
                                                  ^^@^^@^^@^^@^^@^^@^^@^^@^^...
A funny symbol that I can't read has just been input.
Continue, and I'll forget that it ever happened.

! Text line contains an invalid character.
l.4 ...yßù”÷”û™Ë9÷ÍÇf^^X†!^^@^^@^^@^^@^^@^^@^^@^^@
                                                  ^^@^^@^^@^^@^^@^^@^^@^^@^^...
A funny symbol that I can't read has just been input.
Continue, and I'll forget that it ever happened.

! Text line contains an invalid character.
l.4 ...”÷”û™Ë9÷ÍÇf^^X†!^^@^^@^^@^^@^^@^^@^^@^^@^^@
                                                  ^^@^^@^^@^^@^^@^^@^^@^^@^^...
A funny symbol that I can't read has just been input.
Continue, and I'll forget that it ever happened.

! Text line contains an invalid character.
l.4 ...û™Ë9÷ÍÇf^^X†!^^@^^@^^@^^@^^@^^@^^@^^@^^@^^@
                                                  ^^@^^@^^@^^@^^@^^@^^@^^@^^...
A funny symbol that I can't read has just been input.
Continue, and I'll forget that it ever happened.

! Text line contains an invalid character.
l.4 ...9÷ÍÇf^^X†!^^@^^@^^@^^@^^@^^@^^@^^@^^@^^@^^@
                                                  ^^@^^@^^@^^@^^@^^@^^@^^@^^...
A funny symbol that I can't read has just been input.
Continue, and I'll forget that it ever happened.

! Text line contains an invalid character.
l.4 ...Çf^^X†!^^@^^@^^@^^@^^@^^@^^@^^@^^@^^@^^@^^@
                                                  ^^@^^@^^@^^@^^@^^@^^@^^@p[...
A funny symbol that I can't read has just been input.
Continue, and I'll forget that it ever happened.

! Text line contains an invalid character.
l.4 ...^X†!^^@^^@^^@^^@^^@^^@^^@^^@^^@^^@^^@^^@^^@
                                                  ^^@^^@^^@^^@^^@^^@^^@p[ó*è...
A funny symbol that I can't read has just been input.
Continue, and I'll forget that it ever happened.

! Text line contains an invalid character.
l.4 ...!^^@^^@^^@^^@^^@^^@^^@^^@^^@^^@^^@^^@^^@^^@
                                                  ^^@^^@^^@^^@^^@^^@p[ó*è^^D...
A funny symbol that I can't read has just been input.
Continue, and I'll forget that it ever happened.

! Text line contains an invalid character.
l.4 ...@^^@^^@^^@^^@^^@^^@^^@^^@^^@^^@^^@^^@^^@^^@
                                                  ^^@^^@^^@^^@^^@p[ó*è^^D^^@...
A funny symbol that I can't read has just been input.
Continue, and I'll forget that it ever happened.

! Text line contains an invalid character.
l.4 ...@^^@^^@^^@^^@^^@^^@^^@^^@^^@^^@^^@^^@^^@^^@
                                                  ^^@^^@^^@^^@p[ó*è^^D^^@^^@...
A funny symbol that I can't read has just been input.
Continue, and I'll forget that it ever happened.

! Text line contains an invalid character.
l.4 ...@^^@^^@^^@^^@^^@^^@^^@^^@^^@^^@^^@^^@^^@^^@
                                                  ^^@^^@^^@p[ó*è^^D^^@^^@^^@...
A funny symbol that I can't read has just been input.
Continue, and I'll forget that it ever happened.

! Text line contains an invalid character.
l.4 ...@^^@^^@^^@^^@^^@^^@^^@^^@^^@^^@^^@^^@^^@^^@
                                                  ^^@^^@p[ó*è^^D^^@^^@^^@^^@...
A funny symbol that I can't read has just been input.
Continue, and I'll forget that it ever happened.

! Text line contains an invalid character.
l.4 ...@^^@^^@^^@^^@^^@^^@^^@^^@^^@^^@^^@^^@^^@^^@
                                                  ^^@p[ó*è^^D^^@^^@^^@^^@^^@...
A funny symbol that I can't read has just been input.
Continue, and I'll forget that it ever happened.

! Text line contains an invalid character.
l.4 ...@^^@^^@^^@^^@^^@^^@^^@^^@^^@^^@^^@^^@^^@^^@
                                                  p[ó*è^^D^^@^^@^^@^^@^^@^^@...
A funny symbol that I can't read has just been input.
Continue, and I'll forget that it ever happened.

! Text line contains an invalid character.
l.4 ...@^^@^^@^^@^^@^^@^^@^^@^^@^^@^^@^^@^^@^^@p[ó
                                                  *è^^D^^@^^@^^@^^@^^@^^@^^@...
A funny symbol that I can't read has just been input.
Continue, and I'll forget that it ever happened.

! Text line contains an invalid character.
l.4 ...^@^^@^^@^^@^^@^^@^^@^^@^^@^^@^^@^^@^^@p[ó*è
                                                  ^^D^^@^^@^^@^^@^^@^^@^^@^^...
A funny symbol that I can't read has just been input.
Continue, and I'll forget that it ever happened.

! Text line contains an invalid character.
l.4 ...^@^^@^^@^^@^^@^^@^^@^^@^^@^^@^^@^^@p[ó*è^^D
                                                  ^^@^^@^^@^^@^^@^^@^^@^^@^^...
A funny symbol that I can't read has just been input.
Continue, and I'll forget that it ever happened.

! Text line contains an invalid character.
l.4 ...^@^^@^^@^^@^^@^^@^^@^^@^^@^^@^^@p[ó*è^^D^^@
                                                  ^^@^^@^^@^^@^^@^^@^^@^^@^^...
A funny symbol that I can't read has just been input.
Continue, and I'll forget that it ever happened.

! Text line contains an invalid character.
l.4 ...^@^^@^^@^^@^^@^^@^^@^^@^^@^^@p[ó*è^^D^^@^^@
                                                  ^^@^^@^^@^^@^^@^^@^^@^^@^^...
A funny symbol that I can't read has just been input.
Continue, and I'll forget that it ever happened.

! Text line contains an invalid character.
l.4 ...^@^^@^^@^^@^^@^^@^^@^^@^^@p[ó*è^^D^^@^^@^^@
                                                  ^^@^^@^^@^^@^^@^^@^^@^^@^^...
A funny symbol that I can't read has just been input.
Continue, and I'll forget that it ever happened.

! Text line contains an invalid character.
l.4 ...^@^^@^^@^^@^^@^^@^^@^^@p[ó*è^^D^^@^^@^^@^^@
                                                  ^^@^^@^^@^^@^^@^^@^^@^^@^^...
A funny symbol that I can't read has just been input.
Continue, and I'll forget that it ever happened.

! Text line contains an invalid character.
l.4 ...^@^^@^^@^^@^^@^^@^^@p[ó*è^^D^^@^^@^^@^^@^^@
                                                  ^^@^^@^^@^^@^^@^^@^^@^^@^^...
A funny symbol that I can't read has just been input.
Continue, and I'll forget that it ever happened.

! Text line contains an invalid character.
l.4 ...^@^^@^^@^^@^^@^^@p[ó*è^^D^^@^^@^^@^^@^^@^^@
                                                  ^^@^^@^^@^^@^^@^^@^^@^^@^^...
A funny symbol that I can't read has just been input.
Continue, and I'll forget that it ever happened.

! Text line contains an invalid character.
l.4 ...^@^^@^^@^^@^^@p[ó*è^^D^^@^^@^^@^^@^^@^^@^^@
                                                  ^^@^^@^^@^^@^^@^^@^^@^^@^^...
A funny symbol that I can't read has just been input.
Continue, and I'll forget that it ever happened.

! Text line contains an invalid character.
l.4 ...^@^^@^^@^^@p[ó*è^^D^^@^^@^^@^^@^^@^^@^^@^^@
                                                  ^^@^^@^^@^^@^^@^^@^^@^^@^^...
A funny symbol that I can't read has just been input.
Continue, and I'll forget that it ever happened.

! Text line contains an invalid character.
l.4 ...^@^^@^^@p[ó*è^^D^^@^^@^^@^^@^^@^^@^^@^^@^^@
                                                  ^^@^^@^^@^^@^^@^^@^^@^^@^^...
A funny symbol that I can't read has just been input.
Continue, and I'll forget that it ever happened.

! Text line contains an invalid character.
l.4 ...^@^^@p[ó*è^^D^^@^^@^^@^^@^^@^^@^^@^^@^^@^^@
                                                  ^^@^^@^^@^^@^^@^^@^^@^^@^^...
A funny symbol that I can't read has just been input.
Continue, and I'll forget that it ever happened.

! Text line contains an invalid character.
l.4 ...^@p[ó*è^^D^^@^^@^^@^^@^^@^^@^^@^^@^^@^^@^^@
                                                  ^^@^^@^^@^^@^^@^^@^^@^^@^^...
A funny symbol that I can't read has just been input.
Continue, and I'll forget that it ever happened.

! Text line contains an invalid character.
l.4 ...[ó*è^^D^^@^^@^^@^^@^^@^^@^^@^^@^^@^^@^^@^^@
                                                  ^^@^^@^^@^^@^^@^^@^^@^^@@ö...
A funny symbol that I can't read has just been input.
Continue, and I'll forget that it ever happened.

! Text line contains an invalid character.
l.4 ...è^^D^^@^^@^^@^^@^^@^^@^^@^^@^^@^^@^^@^^@^^@
                                                  ^^@^^@^^@^^@^^@^^@^^@@ö(^^...
A funny symbol that I can't read has just been input.
Continue, and I'll forget that it ever happened.

! Text line contains an invalid character.
l.4 ...D^^@^^@^^@^^@^^@^^@^^@^^@^^@^^@^^@^^@^^@^^@
                                                  ^^@^^@^^@^^@^^@^^@@ö(^^H^^...
A funny symbol that I can't read has just been input.
Continue, and I'll forget that it ever happened.

! Text line contains an invalid character.
l.4 ...@^^@^^@^^@^^@^^@^^@^^@^^@^^@^^@^^@^^@^^@^^@
                                                  ^^@^^@^^@^^@^^@@ö(^^H^^D^^...
A funny symbol that I can't read has just been input.
Continue, and I'll forget that it ever happened.

! Text line contains an invalid character.
l.4 ...@^^@^^@^^@^^@^^@^^@^^@^^@^^@^^@^^@^^@^^@^^@
                                                  ^^@^^@^^@^^@@ö(^^H^^D^^@^^...
A funny symbol that I can't read has just been input.
Continue, and I'll forget that it ever happened.

! Text line contains an invalid character.
l.4 ...@^^@^^@^^@^^@^^@^^@^^@^^@^^@^^@^^@^^@^^@^^@
                                                  ^^@^^@^^@@ö(^^H^^D^^@^^@^^...
A funny symbol that I can't read has just been input.
Continue, and I'll forget that it ever happened.

! Text line contains an invalid character.
l.4 ...@^^@^^@^^@^^@^^@^^@^^@^^@^^@^^@^^@^^@^^@^^@
                                                  ^^@^^@@ö(^^H^^D^^@^^@^^@^^...
A funny symbol that I can't read has just been input.
Continue, and I'll forget that it ever happened.

! Text line contains an invalid character.
l.4 ...@^^@^^@^^@^^@^^@^^@^^@^^@^^@^^@^^@^^@^^@^^@
                                                  ^^@@ö(^^H^^D^^@^^@^^@^^@^^...
A funny symbol that I can't read has just been input.
Continue, and I'll forget that it ever happened.

! Text line contains an invalid character.
l.4 ...@^^@^^@^^@^^@^^@^^@^^@^^@^^@^^@^^@^^@^^@^^@
                                                  @ö(^^H^^D^^@^^@^^@^^@^^@^^...
A funny symbol that I can't read has just been input.
Continue, and I'll forget that it ever happened.

! Text line contains an invalid character.
l.4 ...^@^^@^^@^^@^^@^^@^^@^^@^^@^^@^^@^^@^^@^^@@ö
                                                  (^^H^^D^^@^^@^^@^^@^^@^^@^...
A funny symbol that I can't read has just been input.
Continue, and I'll forget that it ever happened.

! Text line contains an invalid character.
l.4 ...@^^@^^@^^@^^@^^@^^@^^@^^@^^@^^@^^@^^@@ö(^^H
                                                  ^^D^^@^^@^^@^^@^^@^^@^^@^^...
A funny symbol that I can't read has just been input.
Continue, and I'll forget that it ever happened.

! Text line contains an invalid character.
l.4 ...@^^@^^@^^@^^@^^@^^@^^@^^@^^@^^@^^@@ö(^^H^^D
                                                  ^^@^^@^^@^^@^^@^^@^^@^^@^^...
A funny symbol that I can't read has just been input.
Continue, and I'll forget that it ever happened.

! Text line contains an invalid character.
l.4 ...@^^@^^@^^@^^@^^@^^@^^@^^@^^@^^@@ö(^^H^^D^^@
                                                  ^^@^^@^^@^^@^^@^^@^^@^^@^^...
A funny symbol that I can't read has just been input.
Continue, and I'll forget that it ever happened.

! Text line contains an invalid character.
l.4 ...@^^@^^@^^@^^@^^@^^@^^@^^@^^@@ö(^^H^^D^^@^^@
                                                  ^^@^^@^^@^^@^^@^^@^^@^^@^^...
A funny symbol that I can't read has just been input.
Continue, and I'll forget that it ever happened.

! Text line contains an invalid character.
l.4 ...@^^@^^@^^@^^@^^@^^@^^@^^@@ö(^^H^^D^^@^^@^^@
                                                  ^^@^^@^^@^^@^^@^^@^^@^^@^^...
A funny symbol that I can't read has just been input.
Continue, and I'll forget that it ever happened.

! Text line contains an invalid character.
l.4 ...@^^@^^@^^@^^@^^@^^@^^@@ö(^^H^^D^^@^^@^^@^^@
                                                  ^^@^^@^^@^^@^^@^^@^^@^^@^^...
A funny symbol that I can't read has just been input.
Continue, and I'll forget that it ever happened.

! Text line contains an invalid character.
l.4 ...@^^@^^@^^@^^@^^@^^@@ö(^^H^^D^^@^^@^^@^^@^^@
                                                  ^^@^^@^^@^^@^^@^^@^^@^^@^^...
A funny symbol that I can't read has just been input.
Continue, and I'll forget that it ever happened.

! Text line contains an invalid character.
l.4 ...@^^@^^@^^@^^@^^@@ö(^^H^^D^^@^^@^^@^^@^^@^^@
                                                  ^^@^^@^^@^^@^^@^^@^^@^^@^^...
A funny symbol that I can't read has just been input.
Continue, and I'll forget that it ever happened.

! Text line contains an invalid character.
l.4 ...@^^@^^@^^@^^@@ö(^^H^^D^^@^^@^^@^^@^^@^^@^^@
                                                  ^^@^^@^^@^^@^^@^^@^^@^^@^^...
A funny symbol that I can't read has just been input.
Continue, and I'll forget that it ever happened.

! Text line contains an invalid character.
l.4 ...@^^@^^@^^@@ö(^^H^^D^^@^^@^^@^^@^^@^^@^^@^^@
                                                  ^^@^^@^^@^^@^^@^^@^^@^^@^^...
A funny symbol that I can't read has just been input.
Continue, and I'll forget that it ever happened.

! Text line contains an invalid character.
l.4 ...@^^@^^@@ö(^^H^^D^^@^^@^^@^^@^^@^^@^^@^^@^^@
                                                  ^^@^^@^^@^^@^^@^^@^^@^^@^^...
A funny symbol that I can't read has just been input.
Continue, and I'll forget that it ever happened.

! Text line contains an invalid character.
l.4 ...@^^@@ö(^^H^^D^^@^^@^^@^^@^^@^^@^^@^^@^^@^^@
                                                  ^^@^^@^^@^^@^^@^^@^^@^^@^^...
A funny symbol that I can't read has just been input.
Continue, and I'll forget that it ever happened.

! Text line contains an invalid character.
l.4 ...@@ö(^^H^^D^^@^^@^^@^^@^^@^^@^^@^^@^^@^^@^^@
                                                  ^^@^^@^^@^^@^^@^^@^^@^^@À^...
A funny symbol that I can't read has just been input.
Continue, and I'll forget that it ever happened.

! Text line contains an invalid character.
l.4 ...(^^H^^D^^@^^@^^@^^@^^@^^@^^@^^@^^@^^@^^@^^@
                                                  ^^@^^@^^@^^@^^@^^@^^@À^^CP...
A funny symbol that I can't read has just been input.
Continue, and I'll forget that it ever happened.

! Text line contains an invalid character.
l.4 ...H^^D^^@^^@^^@^^@^^@^^@^^@^^@^^@^^@^^@^^@^^@
                                                  ^^@^^@^^@^^@^^@^^@À^^CP^^P...
A funny symbol that I can't read has just been input.
Continue, and I'll forget that it ever happened.

! Text line contains an invalid character.
l.4 ...D^^@^^@^^@^^@^^@^^@^^@^^@^^@^^@^^@^^@^^@^^@
                                                  ^^@^^@^^@^^@^^@À^^CP^^P^^H...
A funny symbol that I can't read has just been input.
Continue, and I'll forget that it ever happened.

! Text line contains an invalid character.
l.4 ...@^^@^^@^^@^^@^^@^^@^^@^^@^^@^^@^^@^^@^^@^^@
                                                  ^^@^^@^^@^^@À^^CP^^P^^H^^@...
A funny symbol that I can't read has just been input.
Continue, and I'll forget that it ever happened.

! Text line contains an invalid character.
l.4 ...@^^@^^@^^@^^@^^@^^@^^@^^@^^@^^@^^@^^@^^@^^@
                                                  ^^@^^@^^@À^^CP^^P^^H^^@^^@...
A funny symbol that I can't read has just been input.
Continue, and I'll forget that it ever happened.

! Text line contains an invalid character.
l.4 ...@^^@^^@^^@^^@^^@^^@^^@^^@^^@^^@^^@^^@^^@^^@
                                                  ^^@^^@À^^CP^^P^^H^^@^^@^^@...
A funny symbol that I can't read has just been input.
Continue, and I'll forget that it ever happened.

! Text line contains an invalid character.
l.4 ...@^^@^^@^^@^^@^^@^^@^^@^^@^^@^^@^^@^^@^^@^^@
                                                  ^^@À^^CP^^P^^H^^@^^@^^@^^@...
A funny symbol that I can't read has just been input.
Continue, and I'll forget that it ever happened.

! Text line contains an invalid character.
l.4 ...@^^@^^@^^@^^@^^@^^@^^@^^@^^@^^@^^@^^@^^@^^@
                                                  À^^CP^^P^^H^^@^^@^^@^^@^^@...
A funny symbol that I can't read has just been input.
Continue, and I'll forget that it ever happened.

! Text line contains an invalid character.
l.4 ...^^@^^@^^@^^@^^@^^@^^@^^@^^@^^@^^@^^@^^@^^@À
                                                  ^^CP^^P^^H^^@^^@^^@^^@^^@^...
A funny symbol that I can't read has just been input.
Continue, and I'll forget that it ever happened.

! Text line contains an invalid character.
l.4 ...^^@^^@^^@^^@^^@^^@^^@^^@^^@^^@^^@^^@^^@À^^C
                                                  P^^P^^H^^@^^@^^@^^@^^@^^@^...
A funny symbol that I can't read has just been input.
Continue, and I'll forget that it ever happened.

! Text line contains an invalid character.
l.4 ...^@^^@^^@^^@^^@^^@^^@^^@^^@^^@^^@^^@À^^CP^^P
                                                  ^^H^^@^^@^^@^^@^^@^^@^^@^^...
A funny symbol that I can't read has just been input.
Continue, and I'll forget that it ever happened.

! Text line contains an invalid character.
l.4 ...^@^^@^^@^^@^^@^^@^^@^^@^^@^^@^^@À^^CP^^P^^H
                                                  ^^@^^@^^@^^@^^@^^@^^@^^@^^...
A funny symbol that I can't read has just been input.
Continue, and I'll forget that it ever happened.

! Text line contains an invalid character.
l.4 ...^@^^@^^@^^@^^@^^@^^@^^@^^@^^@À^^CP^^P^^H^^@
                                                  ^^@^^@^^@^^@^^@^^@^^@^^@^^...
A funny symbol that I can't read has just been input.
Continue, and I'll forget that it ever happened.

! Text line contains an invalid character.
l.4 ...^@^^@^^@^^@^^@^^@^^@^^@^^@À^^CP^^P^^H^^@^^@
                                                  ^^@^^@^^@^^@^^@^^@^^@^^@^^...
A funny symbol that I can't read has just been input.
Continue, and I'll forget that it ever happened.

! Text line contains an invalid character.
l.4 ...^@^^@^^@^^@^^@^^@^^@^^@À^^CP^^P^^H^^@^^@^^@
                                                  ^^@^^@^^@^^@^^@^^@^^@^^@^^...
A funny symbol that I can't read has just been input.
Continue, and I'll forget that it ever happened.

! Text line contains an invalid character.
l.4 ...^@^^@^^@^^@^^@^^@^^@À^^CP^^P^^H^^@^^@^^@^^@
                                                  ^^@^^@^^@^^@^^@^^@^^@^^@^^...
A funny symbol that I can't read has just been input.
Continue, and I'll forget that it ever happened.

! Text line contains an invalid character.
l.4 ...^@^^@^^@^^@^^@^^@À^^CP^^P^^H^^@^^@^^@^^@^^@
                                                  ^^@^^@^^@^^@^^@^^@^^@^^@^^...
A funny symbol that I can't read has just been input.
Continue, and I'll forget that it ever happened.

! Text line contains an invalid character.
l.4 ...^@^^@^^@^^@^^@À^^CP^^P^^H^^@^^@^^@^^@^^@^^@
                                                  ^^@^^@^^@^^@^^@^^@^^@^^@^^...
A funny symbol that I can't read has just been input.
Continue, and I'll forget that it ever happened.

! Text line contains an invalid character.
l.4 ...^@^^@^^@^^@À^^CP^^P^^H^^@^^@^^@^^@^^@^^@^^@
                                                  ^^@^^@^^@^^@^^@^^@^^@^^@^^...
A funny symbol that I can't read has just been input.
Continue, and I'll forget that it ever happened.

! Text line contains an invalid character.
l.4 ...^@^^@^^@À^^CP^^P^^H^^@^^@^^@^^@^^@^^@^^@^^@
                                                  ^^@^^@^^@^^@^^@^^@^^@^^@^^...
A funny symbol that I can't read has just been input.
Continue, and I'll forget that it ever happened.

! Text line contains an invalid character.
l.4 ...^@^^@À^^CP^^P^^H^^@^^@^^@^^@^^@^^@^^@^^@^^@
                                                  ^^@^^@^^@^^@^^@^^@^^@^^@^^...
A funny symbol that I can't read has just been input.
Continue, and I'll forget that it ever happened.

! Text line contains an invalid character.
l.4 ...^@À^^CP^^P^^H^^@^^@^^@^^@^^@^^@^^@^^@^^@^^@
                                                  ^^@^^@^^@^^@^^@^^@^^@^^@^^...
A funny symbol that I can't read has just been input.
Continue, and I'll forget that it ever happened.

! Text line contains an invalid character.
l.4 ...^^CP^^P^^H^^@^^@^^@^^@^^@^^@^^@^^@^^@^^@^^@
                                                  ^^@^^@^^@^^@^^@^^@^^@^^@€^...
(That makes 100 errors; please try again.)
